<?xml version="1.0" encoding="UTF-8" standalone="yes"?><!DOCTYPE report PUBLIC "-//JACOCO//DTD Report 1.1//EN" "report.dtd"><report name="praktikum"><sessioninfo id="MagicbookD-7cd6c169" start="1714029169161" dump="1714029169624"/><sessioninfo id="MagicbookD-693d40c" start="1714030120093" dump="1714030120668"/><sessioninfo id="MagicbookD-5031717a" start="1714030325151" dump="1714030325673"/><sessioninfo id="MagicbookD-a1edf208" start="1714032399337" dump="1714032399927"/><sessioninfo id="MagicbookD-5781bac6" start="1714033629986" dump="1714033630573"/><sessioninfo id="MagicbookD-867e4ed1" start="1714033762273" dump="1714033762981"/><sessioninfo id="MagicbookD-fa157a6f" start="1714033950593" dump="1714033951217"/><sessioninfo id="MagicbookD-38b4560e" start="1714115400769" dump="1714115401438"/><sessioninfo id="MagicbookD-7e5cb36e" start="1714300865074" dump="1714300865680"/><sessioninfo id="MagicbookD-8c510733" start="1714300900527" dump="1714300901120"/><sessioninfo id="MagicbookD-76472ec5" start="1714301126062" dump="1714301126602"/><sessioninfo id="MagicbookD-889c7093" start="1714301217293" dump="1714301217884"/><sessioninfo id="MagicbookD-510883c6" start="1714301281297" dump="1714301281839"/><sessioninfo id="MagicbookD-6bf6d4ab" start="1714301374239" dump="1714301374821"/><sessioninfo id="MagicbookD-1f38f4c0" start="1714301453430" dump="1714301453987"/><sessioninfo id="MagicbookD-8f734139" start="1714301641760" dump="1714301642343"/><sessioninfo id="MagicbookD-2a927933" start="1714301799876" dump="1714301800645"/><sessioninfo id="MagicbookD-c2f403c6" start="1714301961538" dump="1714301962231"/><sessioninfo id="MagicbookD-f37f5984" start="1714310795839" dump="1714310796446"/><sessioninfo id="MagicbookD-7e7c5c42" start="1714313673555" dump="1714313675087"/><sessioninfo id="MagicbookD-5ebb3fdc" start="1714314124141" dump="1714314125614"/><sessioninfo id="MagicbookD-579e1e80" start="1714315282549" dump="1714315284091"/><sessioninfo id="MagicbookD-e7446bb" start="1714315626784" dump="1714315628325"/><sessioninfo id="MagicbookD-154f7ad1" start="1714318418960" dump="1714318420524"/><sessioninfo id="MagicbookD-3f07abc4" start="1714320206525" dump="1714320208139"/><sessioninfo id="MagicbookD-9a267324" start="1714323728474" dump="1714323731233"/><package name="praktikum"><class name="praktikum/Bun" sourcefilename="Bun.java"><method name="&lt;init&gt;" desc="(Ljava/lang/String;F)V" line="12"><counter type="INSTRUCTION" missed="0" covered="9"/><counter type="LINE" missed="0" covered="4"/><counter type="COMPLEXITY" missed="0" covered="1"/><counter type="METHOD" missed="0" covered="1"/></method><method name="getName" desc="()Ljava/lang/String;" line="18"><counter type="INSTRUCTION" missed="0" covered="3"/><counter type="LINE" missed="0" covered="1"/><counter type="COMPLEXITY" missed="0" covered="1"/><counter type="METHOD" missed="0" covered="1"/></method><method name="getPrice" desc="()F" line="22"><counter type="INSTRUCTION" missed="0" covered="3"/><counter type="LINE" missed="0" covered="1"/><counter type="COMPLEXITY" missed="0" covered="1"/><counter type="METHOD" missed="0" covered="1"/></method><counter type="INSTRUCTION" missed="0" covered="15"/><counter type="LINE" missed="0" covered="6"/><counter type="COMPLEXITY" missed="0" covered="3"/><counter type="METHOD" missed="0" covered="3"/><counter type="CLASS" missed="0" covered="1"/></class><class name="praktikum/IngredientType" sourcefilename="IngredientType.java"><method name="&lt;clinit&gt;" desc="()V" line="8"><counter type="INSTRUCTION" missed="0" covered="15"/><counter type="LINE" missed="0" covered="3"/><counter type="COMPLEXITY" missed="0" covered="1"/><counter type="METHOD" missed="0" covered="1"/></method><counter type="INSTRUCTION" missed="0" covered="15"/><counter type="LINE" missed="0" covered="3"/><counter type="COMPLEXITY" missed="0" covered="1"/><counter type="METHOD" missed="0" covered="1"/><counter type="CLASS" missed="0" covered="1"/></class><class name="praktikum/Burger" sourcefilename="Burger.java"><method name="&lt;init&gt;" desc="()V" line="12"><counter type="INSTRUCTION" missed="0" covered="8"/><counter type="LINE" missed="0" covered="2"/><counter type="COMPLEXITY" missed="0" covered="1"/><counter type="METHOD" missed="0" covered="1"/></method><method name="setBuns" desc="(Lpraktikum/Bun;)V" line="18"><counter type="INSTRUCTION" missed="0" covered="4"/><counter type="LINE" missed="0" covered="2"/><counter type="COMPLEXITY" missed="0" covered="1"/><counter type="METHOD" missed="0" covered="1"/></method><method name="addIngredient" desc="(Lpraktikum/Ingredient;)V" line="22"><counter type="INSTRUCTION" missed="0" covered="6"/><counter type="LINE" missed="0" covered="2"/><counter type="COMPLEXITY" missed="0" covered="1"/><counter type="METHOD" missed="0" covered="1"/></method><method name="removeIngredient" desc="(I)V" line="26"><counter type="INSTRUCTION" missed="0" covered="6"/><counter type="LINE" missed="0" covered="2"/><counter type="COMPLEXITY" missed="0" covered="1"/><counter type="METHOD" missed="0" covered="1"/></method><method name="moveIngredient" desc="(II)V" line="30"><counter type="INSTRUCTION" missed="0" covered="10"/><counter type="LINE" missed="0" covered="2"/><counter type="COMPLEXITY" missed="0" covered="1"/><counter type="METHOD" missed="0" covered="1"/></method><method name="getPrice" desc="()F" line="34"><counter type="INSTRUCTION" missed="0" covered="25"/><counter type="BRANCH" missed="0" covered="2"/><counter type="LINE" missed="0" covered="5"/><counter type="COMPLEXITY" missed="0" covered="2"/><counter type="METHOD" missed="0" covered="1"/></method><method name="getReceipt" desc="()Ljava/lang/String;" line="44"><counter type="INSTRUCTION" missed="0" covered="74"/><counter type="BRANCH" missed="0" covered="2"/><counter type="LINE" missed="0" covered="8"/><counter type="COMPLEXITY" missed="0" covered="2"/><counter type="METHOD" missed="0" covered="1"/></method><counter type="INSTRUCTION" missed="0" covered="133"/><counter type="BRANCH" missed="0" covered="4"/><counter type="LINE" missed="0" covered="23"/><counter type="COMPLEXITY" missed="0" covered="9"/><counter type="METHOD" missed="0" covered="7"/><counter type="CLASS" missed="0" covered="1"/></class><class name="praktikum/Ingredient" sourcefilename="Ingredient.java"><method name="&lt;init&gt;" desc="(Lpraktikum/IngredientType;Ljava/lang/String;F)V" line="14"><counter type="INSTRUCTION" missed="0" covered="12"/><counter type="LINE" missed="0" covered="5"/><counter type="COMPLEXITY" missed="0" covered="1"/><counter type="METHOD" missed="0" covered="1"/></method><method name="getPrice" desc="()F" line="21"><counter type="INSTRUCTION" missed="0" covered="3"/><counter type="LINE" missed="0" covered="1"/><counter type="COMPLEXITY" missed="0" covered="1"/><counter type="METHOD" missed="0" covered="1"/></method><method name="getName" desc="()Ljava/lang/String;" line="25"><counter type="INSTRUCTION" missed="0" covered="3"/><counter type="LINE" missed="0" covered="1"/><counter type="COMPLEXITY" missed="0" covered="1"/><counter type="METHOD" missed="0" covered="1"/></method><method name="getType" desc="()Lpraktikum/IngredientType;" line="29"><counter type="INSTRUCTION" missed="0" covered="3"/><counter type="LINE" missed="0" covered="1"/><counter type="COMPLEXITY" missed="0" covered="1"/><counter type="METHOD" missed="0" covered="1"/></method><counter type="INSTRUCTION" missed="0" covered="21"/><counter type="LINE" missed="0" covered="8"/><counter type="COMPLEXITY" missed="0" covered="4"/><counter type="METHOD" missed="0" covered="4"/><counter type="CLASS" missed="0" covered="1"/></class><sourcefile name="Bun.java"><line nr="12" mi="0" ci="2" mb="0" cb="0"/><line nr="13" mi="0" ci="3" mb="0" cb="0"/><line nr="14" mi="0" ci="3" mb="0" cb="0"/><line nr="15" mi="0" ci="1" mb="0" cb="0"/><line nr="18" mi="0" ci="3" mb="0" cb="0"/><line nr="22" mi="0" ci="3" mb="0" cb="0"/><counter type="INSTRUCTION" missed="0" covered="15"/><counter type="LINE" missed="0" covered="6"/><counter type="COMPLEXITY" missed="0" covered="3"/><counter type="METHOD" missed="0" covered="3"/><counter type="CLASS" missed="0" covered="1"/></sourcefile><sourcefile name="Burger.java"><line nr="12" mi="0" ci="2" mb="0" cb="0"/><line nr="15" mi="0" ci="6" mb="0" cb="0"/><line nr="18" mi="0" ci="3" mb="0" cb="0"/><line nr="19" mi="0" ci="1" mb="0" cb="0"/><line nr="22" mi="0" ci="5" mb="0" cb="0"/><line nr="23" mi="0" ci="1" mb="0" cb="0"/><line nr="26" mi="0" ci="5" mb="0" cb="0"/><line nr="27" mi="0" ci="1" mb="0" cb="0"/><line nr="30" mi="0" ci="9" mb="0" cb="0"/><line nr="31" mi="0" ci="1" mb="0" cb="0"/><line nr="34" mi="0" ci="6" mb="0" cb="0"/><line nr="36" mi="0" ci="11" mb="0" cb="2"/><line nr="37" mi="0" ci="5" mb="0" cb="0"/><line nr="38" mi="0" ci="1" mb="0" cb="0"/><line nr="40" mi="0" ci="2" mb="0" cb="0"/><line nr="44" mi="0" ci="14" mb="0" cb="0"/><line nr="46" mi="0" ci="11" mb="0" cb="2"/><line nr="47" mi="0" ci="17" mb="0" cb="0"/><line nr="48" mi="0" ci="2" mb="0" cb="0"/><line nr="49" mi="0" ci="1" mb="0" cb="0"/><line nr="51" mi="0" ci="13" mb="0" cb="0"/><line nr="52" mi="0" ci="13" mb="0" cb="0"/><line nr="54" mi="0" ci="3" mb="0" cb="0"/><counter type="INSTRUCTION" missed="0" covered="133"/><counter type="BRANCH" missed="0" covered="4"/><counter type="LINE" missed="0" covered="23"/><counter type="COMPLEXITY" missed="0" covered="9"/><counter type="METHOD" missed="0" covered="7"/><counter type="CLASS" missed="0" covered="1"/></sourcefile><sourcefile name="IngredientType.java"><line nr="8" mi="0" ci="3" mb="0" cb="0"/><line nr="9" mi="0" ci="6" mb="0" cb="0"/><line nr="10" mi="0" ci="6" mb="0" cb="0"/><counter type="INSTRUCTION" missed="0" covered="15"/><counter type="LINE" missed="0" covered="3"/><counter type="COMPLEXITY" missed="0" covered="1"/><counter type="METHOD" missed="0" covered="1"/><counter type="CLASS" missed="0" covered="1"/></sourcefile><sourcefile name="Ingredient.java"><line nr="14" mi="0" ci="2" mb="0" cb="0"/><line nr="15" mi="0" ci="3" mb="0" cb="0"/><line nr="16" mi="0" ci="3" mb="0" cb="0"/><line nr="17" mi="0" ci="3" mb="0" cb="0"/><line nr="18" mi="0" ci="1" mb="0" cb="0"/><line nr="21" mi="0" ci="3" mb="0" cb="0"/><line nr="25" mi="0" ci="3" mb="0" cb="0"/><line nr="29" mi="0" ci="3" mb="0" cb="0"/><counter type="INSTRUCTION" missed="0" covered="21"/><counter type="LINE" missed="0" covered="8"/><counter type="COMPLEXITY" missed="0" covered="4"/><counter type="METHOD" missed="0" covered="4"/><counter type="CLASS" missed="0" covered="1"/></sourcefile><counter type="INSTRUCTION" missed="0" covered="184"/><counter type="BRANCH" missed="0" covered="4"/><counter type="LINE" missed="0" covered="40"/><counter type="COMPLEXITY" missed="0" covered="17"/><counter type="METHOD" missed="0" covered="15"/><counter type="CLASS" missed="0" covered="4"/></package><counter type="INSTRUCTION" missed="0" covered="184"/><counter type="BRANCH" missed="0" covered="4"/><counter type="LINE" missed="0" covered="40"/><counter type="COMPLEXITY" missed="0" covered="17"/><counter type="METHOD" missed="0" covered="15"/><counter type="CLASS" missed="0" covered="4"/></report>