GROUP,PACKAGE,CLASS,INSTRUCTION_MISSED,INSTRUCTION_COVERED,BRANCH_MISSED,BRANCH_COVERED,LINE_MISSED,LINE_COVERED,COMPLEXITY_MISSED,COMPLEXITY_COVERED,METHOD_MISSED,METHOD_COVERED
untitled,ru.practikum.yandex,Praktikum,59,0,0,0,14,0,2,0,2,0
untitled,ru.practikum.yandex,Ingredient,0,21,0,0,0,8,0,4,0,4
untitled,ru.practikum.yandex,Burger,0,133,0,4,0,23,0,9,0,7
untitled,ru.practikum.yandex,Bun,0,38,0,8,0,10,0,7,0,3
untitled,ru.practikum.yandex,IngredientType,0,24,0,0,0,3,0,1,0,1
untitled,ru.practikum.yandex,Database,106,0,0,0,15,0,3,0,3,0
