<?xml version="1.0" encoding="UTF-8"?>
<testsuite xmlns:xsi="http://www.w3.org/2001/XMLSchema-instance" xsi:noNamespaceSchemaLocation="https://maven.apache.org/surefire/maven-surefire-plugin/xsd/surefire-test-report-3.0.xsd" version="3.0" name="praktikum.IngredientTest" time="0.007" tests="30" errors="0" skipped="0" failures="0">
  <properties>
[...]
</properties>
  <testcase name="testGetPrice[0]" classname="praktikum.IngredientTest" time="0.0"/>
  <testcase name="testGetName[0]" classname="praktikum.IngredientTest" time="0.0"/>
  <testcase name="testGetType[0]" classname="praktikum.IngredientTest" time="0.0"/>
  <testcase name="testConstructorInitializesFields[0]" classname="praktikum.IngredientTest" time="0.0"/>
  <testcase name="testIngredientNamesAreCorrect[0]" classname="praktikum.IngredientTest" time="0.0"/>
  <testcase name="testGetPrice[1]" classname="praktikum.IngredientTest" time="0.002"/>
  <testcase name="testGetName[1]" classname="praktikum.IngredientTest" time="0.0"/>
  <testcase name="testGetType[1]" classname="praktikum.IngredientTest" time="0.0"/>
  <testcase name="testConstructorInitializesFields[1]" classname="praktikum.IngredientTest" time="0.0"/>
  <testcase name="testIngredientNamesAreCorrect[1]" classname="praktikum.IngredientTest" time="0.0"/>
  <testcase name="testGetPrice[2]" classname="praktikum.IngredientTest" time="0.0"/>
  <testcase name="testGetName[2]" classname="praktikum.IngredientTest" time="0.0"/>
  <testcase name="testGetType[2]" classname="praktikum.IngredientTest" time="0.0"/>
  <testcase name="testConstructorInitializesFields[2]" classname="praktikum.IngredientTest" time="0.0"/>
  <testcase name="testIngredientNamesAreCorrect[2]" classname="praktikum.IngredientTest" time="0.0"/>
  <testcase name="testGetPrice[3]" classname="praktikum.IngredientTest" time="0.001"/>
  <testcase name="testGetName[3]" classname="praktikum.IngredientTest" time="0.0"/>
  <testcase name="testGetType[3]" classname="praktikum.IngredientTest" time="0.0"/>
  <testcase name="testConstructorInitializesFields[3]" classname="praktikum.IngredientTest" time="0.0"/>
  <testcase name="testIngredientNamesAreCorrect[3]" classname="praktikum.IngredientTest" time="0.0"/>
  <testcase name="testGetPrice[4]" classname="praktikum.IngredientTest" time="0.0"/>
  <testcase name="testGetName[4]" classname="praktikum.IngredientTest" time="0.0"/>
  <testcase name="testGetType[4]" classname="praktikum.IngredientTest" time="0.0"/>
  <testcase name="testConstructorInitializesFields[4]" classname="praktikum.IngredientTest" time="0.0"/>
  <testcase name="testIngredientNamesAreCorrect[4]" classname="praktikum.IngredientTest" time="0.0"/>
  <testcase name="testGetPrice[5]" classname="praktikum.IngredientTest" time="0.0"/>
  <testcase name="testGetName[5]" classname="praktikum.IngredientTest" time="0.0"/>
  <testcase name="testGetType[5]" classname="praktikum.IngredientTest" time="0.0"/>
  <testcase name="testConstructorInitializesFields[5]" classname="praktikum.IngredientTest" time="0.0"/>
  <testcase name="testIngredientNamesAreCorrect[5]" classname="praktikum.IngredientTest" time="0.0"/>
</testsuite>