<?xml version="1.0" encoding="UTF-8"?>
<testsuite xmlns:xsi="http://www.w3.org/2001/XMLSchema-instance" xsi:noNamespaceSchemaLocation="https://maven.apache.org/surefire/maven-surefire-plugin/xsd/surefire-test-report-3.0.xsd" version="3.0" name="ru.praktikum.tests.BurgerTest" time="0.001" tests="6" errors="0" skipped="0" failures="0">
  <properties>
[...]
</properties>
  <testcase name="burgerGetPriceTest" classname="ru.praktikum.tests.BurgerTest" time="0.0"/>
  <testcase name="burgerRemoveIngredient" classname="ru.praktikum.tests.BurgerTest" time="0.0"/>
  <testcase name="burgerMoveIngredientTest" classname="ru.praktikum.tests.BurgerTest" time="0.0"/>
  <testcase name="burgerAddIngredientTest" classname="ru.praktikum.tests.BurgerTest" time="0.0"/>
  <testcase name="burgerSetBunsTest" classname="ru.praktikum.tests.BurgerTest" time="0.0"/>
  <testcase name="burgerGetReceipt" classname="ru.praktikum.tests.BurgerTest" time="0.0"/>
</testsuite>