<?xml version="1.0" encoding="UTF-8"?>
<testsuite xmlns:xsi="http://www.w3.org/2001/XMLSchema-instance" xsi:noNamespaceSchemaLocation="https://maven.apache.org/surefire/maven-surefire-plugin/xsd/surefire-test-report-3.0.xsd" version="3.0" name="BunParamTest" time="0.031" tests="12" errors="0" skipped="0" failures="0">
  <properties>
[...]
</properties>
  <testcase name="bunNameTest[0]" classname="BunParamTest" time="0.004"/>
  <testcase name="bunPriceTest[0]" classname="BunParamTest" time="0.001"/>
  <testcase name="bunNameTest[1]" classname="BunParamTest" time="0.0"/>
  <testcase name="bunPriceTest[1]" classname="BunParamTest" time="0.001"/>
  <testcase name="bunNameTest[2]" classname="BunParamTest" time="0.003"/>
  <testcase name="bunPriceTest[2]" classname="BunParamTest" time="0.002"/>
  <testcase name="bunNameTest[3]" classname="BunParamTest" time="0.001"/>
  <testcase name="bunPriceTest[3]" classname="BunParamTest" time="0.0"/>
  <testcase name="bunNameTest[4]" classname="BunParamTest" time="0.001"/>
  <testcase name="bunPriceTest[4]" classname="BunParamTest" time="0.0"/>
  <testcase name="bunNameTest[5]" classname="BunParamTest" time="0.001"/>
  <testcase name="bunPriceTest[5]" classname="BunParamTest" time="0.001"/>
</testsuite>