<?xml version="1.0" encoding="UTF-8"?>
<testsuite xmlns:xsi="http://www.w3.org/2001/XMLSchema-instance" xsi:noNamespaceSchemaLocation="https://maven.apache.org/surefire/maven-surefire-plugin/xsd/surefire-test-report-3.0.xsd" version="3.0" name="praktikum.BurgerTest" time="1.975" tests="6" errors="0" skipped="0" failures="0">
  <properties>
[...]
</properties>
  <testcase name="testGetPrice" classname="praktikum.BurgerTest" time="1.938">
    <system-out><![CDATA[Current Receipt:
(==== Test Bun ====)
= sauce Ingredient 1 =
= filling Ingredient 2 =
(==== Test Bun ====)

Price: 325,000000

]]></system-out>
  </testcase>
  <testcase name="testRemoveIngredient" classname="praktikum.BurgerTest" time="0.005">
    <system-out><![CDATA[Current Receipt:
(==== Test Bun ====)
= filling Ingredient 2 =
(==== Test Bun ====)

Price: 275,000000

]]></system-out>
  </testcase>
  <testcase name="testMoveIngredient" classname="praktikum.BurgerTest" time="0.007">
    <system-out><![CDATA[Current Receipt:
(==== Test Bun ====)
= filling Ingredient 2 =
= sauce Ingredient 1 =
(==== Test Bun ====)

Price: 325,000000

]]></system-out>
  </testcase>
  <testcase name="testGetReceipt" classname="praktikum.BurgerTest" time="0.01">
    <system-out><![CDATA[Receipt:
(==== Test Bun ====)
= sauce Ingredient 1 =
= filling Ingredient 2 =
(==== Test Bun ====)

Price: 325,000000

Current Receipt:
(==== Test Bun ====)
= sauce Ingredient 1 =
= filling Ingredient 2 =
(==== Test Bun ====)

Price: 325,000000

]]></system-out>
  </testcase>
  <testcase name="testSetBuns" classname="praktikum.BurgerTest" time="0.006">
    <system-out><![CDATA[Current Receipt:
(==== Test Bun ====)
(==== Test Bun ====)

Price: 200,000000

]]></system-out>
  </testcase>
  <testcase name="testAddIngredient" classname="praktikum.BurgerTest" time="0.005">
    <system-out><![CDATA[Current Receipt:
(==== Test Bun ====)
= sauce Ingredient 1 =
(==== Test Bun ====)

Price: 250,000000

]]></system-out>
  </testcase>
</testsuite>