<?xml version="1.0" encoding="UTF-8"?>
<testsuite xmlns:xsi="http://www.w3.org/2001/XMLSchema-instance" xsi:noNamespaceSchemaLocation="https://maven.apache.org/surefire/maven-surefire-plugin/xsd/surefire-test-report-3.0.xsd" version="3.0" name="IngredientTypeTest" time="0.055" tests="4" errors="0" skipped="0" failures="0">
  <properties>
[...]
</properties>
  <testcase name="testIngredientTypeValues[0]" classname="IngredientTypeTest" time="0.004"/>
  <testcase name="testIngredientTypeToString[0]" classname="IngredientTypeTest" time="0.0"/>
  <testcase name="testIngredientTypeValues[1]" classname="IngredientTypeTest" time="0.0"/>
  <testcase name="testIngredientTypeToString[1]" classname="IngredientTypeTest" time="0.0"/>
</testsuite>