<?xml version="1.0" encoding="UTF-8"?>
<testsuite xmlns:xsi="http://www.w3.org/2001/XMLSchema-instance" xsi:noNamespaceSchemaLocation="https://maven.apache.org/surefire/maven-surefire-plugin/xsd/surefire-test-report.xsd" name="praktikum.BunTest" time="0.001" tests="24" errors="0" skipped="0" failures="0">
  <properties>
[...]
</properties>
  <testcase name="testGetPrice[0]" classname="praktikum.BunTest" time="0"/>
  <testcase name="testGetName[0]" classname="praktikum.BunTest" time="0"/>
  <testcase name="testGetPrice[1]" classname="praktikum.BunTest" time="0"/>
  <testcase name="testGetName[1]" classname="praktikum.BunTest" time="0"/>
  <testcase name="testGetPrice[2]" classname="praktikum.BunTest" time="0"/>
  <testcase name="testGetName[2]" classname="praktikum.BunTest" time="0"/>
  <testcase name="testGetPrice[3]" classname="praktikum.BunTest" time="0"/>
  <testcase name="testGetName[3]" classname="praktikum.BunTest" time="0"/>
  <testcase name="testGetPrice[4]" classname="praktikum.BunTest" time="0"/>
  <testcase name="testGetName[4]" classname="praktikum.BunTest" time="0"/>
  <testcase name="testGetPrice[5]" classname="praktikum.BunTest" time="0"/>
  <testcase name="testGetName[5]" classname="praktikum.BunTest" time="0"/>
  <testcase name="testGetPrice[6]" classname="praktikum.BunTest" time="0"/>
  <testcase name="testGetName[6]" classname="praktikum.BunTest" time="0"/>
  <testcase name="testGetPrice[7]" classname="praktikum.BunTest" time="0"/>
  <testcase name="testGetName[7]" classname="praktikum.BunTest" time="0"/>
  <testcase name="testGetPrice[8]" classname="praktikum.BunTest" time="0"/>
  <testcase name="testGetName[8]" classname="praktikum.BunTest" time="0"/>
  <testcase name="testGetPrice[9]" classname="praktikum.BunTest" time="0"/>
  <testcase name="testGetName[9]" classname="praktikum.BunTest" time="0"/>
  <testcase name="testGetPrice[10]" classname="praktikum.BunTest" time="0"/>
  <testcase name="testGetName[10]" classname="praktikum.BunTest" time="0"/>
  <testcase name="testGetPrice[11]" classname="praktikum.BunTest" time="0"/>
  <testcase name="testGetName[11]" classname="praktikum.BunTest" time="0"/>
</testsuite>