<?xml version="1.0" encoding="UTF-8"?>
<testsuite xmlns:xsi="http://www.w3.org/2001/XMLSchema-instance" xsi:noNamespaceSchemaLocation="https://maven.apache.org/surefire/maven-surefire-plugin/xsd/surefire-test-report-3.0.xsd" version="3.0" name="BurgerTests" time="0.952" tests="6" errors="0" skipped="0" failures="0">
  <properties>
[...]
</properties>
  <testcase name="getReceiptBurgerTest" classname="BurgerTests" time="0.514"/>
  <testcase name="setBunsInBurgerTest" classname="BurgerTests" time="0.003"/>
  <testcase name="removeIngredientInBurgerTest" classname="BurgerTests" time="0.002"/>
  <testcase name="getPriceBurgerTest" classname="BurgerTests" time="0.028"/>
  <testcase name="addIngredientInBurgerTest" classname="BurgerTests" time="0.002"/>
  <testcase name="moveIngredientInBurgerTest" classname="BurgerTests" time="0.001"/>
</testsuite>