<?xml version="1.0" encoding="UTF-8"?>
<testsuite xmlns:xsi="http://www.w3.org/2001/XMLSchema-instance" xsi:noNamespaceSchemaLocation="https://maven.apache.org/surefire/maven-surefire-plugin/xsd/surefire-test-report-3.0.xsd" version="3.0" name="BurgerTest" time="2.256" tests="6" errors="0" skipped="0" failures="0">
  <properties>
[...]
</properties>
  <testcase name="checkGetReceipt" classname="BurgerTest" time="2.252">
    <system-out><![CDATA[(==== white bun ====)
= sauce sour cream =
(==== white bun ====)

Price: 600,000000

]]></system-out>
  </testcase>
  <testcase name="checkRemoveIngredient" classname="BurgerTest" time="0.0"/>
  <testcase name="checkGetPrice" classname="BurgerTest" time="0.0"/>
  <testcase name="checkMoveIngredient" classname="BurgerTest" time="0.0"/>
  <testcase name="checkAddIngredient" classname="BurgerTest" time="0.0"/>
  <testcase name="checkSetBuns" classname="BurgerTest" time="0.0"/>
</testsuite>