<?xml version="1.0" encoding="UTF-8"?>
<testsuite xmlns:xsi="http://www.w3.org/2001/XMLSchema-instance" xsi:noNamespaceSchemaLocation="https://maven.apache.org/surefire/maven-surefire-plugin/xsd/surefire-test-report-3.0.xsd" version="3.0" name="praktikum.BurgerTest" time="0.772" tests="6" errors="0" skipped="0" failures="0">
  <properties>
[...]
</properties>
  <testcase name="getPriceTest" classname="praktikum.BurgerTest" time="0.712"/>
  <testcase name="addIngredientTest" classname="praktikum.BurgerTest" time="0.001"/>
  <testcase name="moveIngredientTest" classname="praktikum.BurgerTest" time="0.0"/>
  <testcase name="setBunsTest" classname="praktikum.BurgerTest" time="0.002"/>
  <testcase name="removeIngredientTest" classname="praktikum.BurgerTest" time="0.0"/>
  <testcase name="getReceipt" classname="praktikum.BurgerTest" time="0.051"/>
</testsuite>