<?xml version="1.0" encoding="UTF-8"?>
<testsuite xmlns:xsi="http://www.w3.org/2001/XMLSchema-instance" xsi:noNamespaceSchemaLocation="https://maven.apache.org/surefire/maven-surefire-plugin/xsd/surefire-test-report.xsd" name="IngredientTests" time="0.007" tests="12" errors="0" skipped="0" failures="0">
  <properties>
[...]
</properties>
  <testcase name="getName_shouldReturnCorrectName[Type: SAUCE, Name: Chili Sauce, Price: 80]" classname="IngredientTests" time="0"/>
  <testcase name="getType_shouldReturnCorrectType[Type: SAUCE, Name: Chili Sauce, Price: 80]" classname="IngredientTests" time="0"/>
  <testcase name="getPrice_shouldReturnCorrectPrice[Type: SAUCE, Name: Chili Sauce, Price: 80]" classname="IngredientTests" time="0"/>
  <testcase name="getName_shouldReturnCorrectName[Type: FILLING, Name: Beef Patty, Price: 195]" classname="IngredientTests" time="0"/>
  <testcase name="getType_shouldReturnCorrectType[Type: FILLING, Name: Beef Patty, Price: 195]" classname="IngredientTests" time="0"/>
  <testcase name="getPrice_shouldReturnCorrectPrice[Type: FILLING, Name: Beef Patty, Price: 195]" classname="IngredientTests" time="0"/>
  <testcase name="getName_shouldReturnCorrectName[Type: SAUCE, Name: Mayonnaise, Price: 0]" classname="IngredientTests" time="0"/>
  <testcase name="getType_shouldReturnCorrectType[Type: SAUCE, Name: Mayonnaise, Price: 0]" classname="IngredientTests" time="0"/>
  <testcase name="getPrice_shouldReturnCorrectPrice[Type: SAUCE, Name: Mayonnaise, Price: 0]" classname="IngredientTests" time="0"/>
  <testcase name="getName_shouldReturnCorrectName[Type: FILLING, Name: , Price: 50]" classname="IngredientTests" time="0"/>
  <testcase name="getType_shouldReturnCorrectType[Type: FILLING, Name: , Price: 50]" classname="IngredientTests" time="0.001"/>
  <testcase name="getPrice_shouldReturnCorrectPrice[Type: FILLING, Name: , Price: 50]" classname="IngredientTests" time="0.001"/>
</testsuite>