<?xml version="1.0" encoding="UTF-8"?>
<testsuite xmlns:xsi="http://www.w3.org/2001/XMLSchema-instance" xsi:noNamespaceSchemaLocation="https://maven.apache.org/surefire/maven-surefire-plugin/xsd/surefire-test-report.xsd" name="ru.yandex.diplom.BurgerTest" time="0.165" tests="5" errors="0" skipped="0" failures="0">
  <properties>
[...]
</properties>
  <testcase name="shouldReturnTrueRemoveIngredientTest" classname="ru.yandex.diplom.BurgerTest" time="0.131"/>
  <testcase name="shouldReturnTrueSetBunsTest" classname="ru.yandex.diplom.BurgerTest" time="0"/>
  <testcase name="shouldReturnTrueMoveIngredientTest" classname="ru.yandex.diplom.BurgerTest" time="0.001"/>
  <testcase name="shouldReturnTrueAddIngredientTest" classname="ru.yandex.diplom.BurgerTest" time="0"/>
  <testcase name="shouldReturnTrueGetReceiptTest" classname="ru.yandex.diplom.BurgerTest" time="0.031"/>
</testsuite>