<?xml version="1.0" encoding="UTF-8"?>
<testsuite xmlns:xsi="http://www.w3.org/2001/XMLSchema-instance" xsi:noNamespaceSchemaLocation="https://maven.apache.org/surefire/maven-surefire-plugin/xsd/surefire-test-report-3.0.xsd" version="3.0" name="BunTest" time="0.0" tests="12" errors="0" skipped="0" failures="0">
  <properties>
[...]
</properties>
  <testcase name="getBunNameTest[Флюоресцентная булка R2-D3]" classname="BunTest" time="0.0"/>
  <testcase name="getBunNameTest[Флюоресцентная булка R2-D3]" classname="BunTest" time="0.0"/>
  <testcase name="getBunNameTest[Флюоресцентная булка R2-D3]" classname="BunTest" time="0.0"/>
  <testcase name="getBunPriceTest[Флюоресцентная булка R2-D3]" classname="BunTest" time="0.0"/>
  <testcase name="getBunPriceTest[Флюоресцентная булка R2-D3]" classname="BunTest" time="0.0"/>
  <testcase name="getBunPriceTest[Флюоресцентная булка R2-D3]" classname="BunTest" time="0.0"/>
  <testcase name="getBunNameTest[Краторная булка N-200i]" classname="BunTest" time="0.0"/>
  <testcase name="getBunPriceTest[Краторная булка N-200i]" classname="BunTest" time="0.0"/>
  <testcase name="getBunNameTest[null]" classname="BunTest" time="0.0"/>
  <testcase name="getBunPriceTest[null]" classname="BunTest" time="0.0"/>
  <testcase name="getBunNameTest[Одного я уже знаю. Это Вася Тутошкин - тот улыбистый парень в потешной фетровой шляпе, что угощал нас в автобусе конской колбасой. Спрашиваю, чем он занимается дома, то есть, короче говоря, интересуюсь профессией. Профессии у него нет.Оказывается, можно жить и без профессии. Без всепоглощающего увлечения радио или электронно-счетными машинами. Оказывается, можно, не мудрствуя лукаво, работать кладовщиком на каком-то складе спорттоваров и быть вполне довольным жизнью. Вася Тутошкин, например, доволен. Он хотя бы приятный парень - излучает что-то такое к нему располагающее. Подмигивает, кивая на соседа: каков, мол? Сосед, шахтер из Подмосковья, добытчик бурого угля, приобрел путевку в альплагерь, как в дом отдыха. Была лишняя путевка в месткоме - вот и дали. Езжай, шахтер, в горы, подыши синевой... Правда, он не очень огорчился, узнав, что такое альпинизм в натуральную величину. Звать его Петром, он довольно тощ и оттого подвижен, уши у него лопухами, и нос массивный, и кадык выпирает мощно - что и говорить, это еще черновая обдирка, а не человек в отшлифованном виде. Кажется, задень его - и оцарапаешься, как об арматуру. Ухо, горло, нос, - шепчет Тутошкин, и я понимаю, что эта кличка пристанет к шахтеру накрепко.]" classname="BunTest" time="0.0"/>
  <testcase name="getBunPriceTest[Одного я уже знаю. Это Вася Тутошкин - тот улыбистый парень в потешной фетровой шляпе, что угощал нас в автобусе конской колбасой. Спрашиваю, чем он занимается дома, то есть, короче говоря, интересуюсь профессией. Профессии у него нет.Оказывается, можно жить и без профессии. Без всепоглощающего увлечения радио или электронно-счетными машинами. Оказывается, можно, не мудрствуя лукаво, работать кладовщиком на каком-то складе спорттоваров и быть вполне довольным жизнью. Вася Тутошкин, например, доволен. Он хотя бы приятный парень - излучает что-то такое к нему располагающее. Подмигивает, кивая на соседа: каков, мол? Сосед, шахтер из Подмосковья, добытчик бурого угля, приобрел путевку в альплагерь, как в дом отдыха. Была лишняя путевка в месткоме - вот и дали. Езжай, шахтер, в горы, подыши синевой... Правда, он не очень огорчился, узнав, что такое альпинизм в натуральную величину. Звать его Петром, он довольно тощ и оттого подвижен, уши у него лопухами, и нос массивный, и кадык выпирает мощно - что и говорить, это еще черновая обдирка, а не человек в отшлифованном виде. Кажется, задень его - и оцарапаешься, как об арматуру. Ухо, горло, нос, - шепчет Тутошкин, и я понимаю, что эта кличка пристанет к шахтеру накрепко.]" classname="BunTest" time="0.0"/>
</testsuite>