<?xml version="1.0" encoding="UTF-8"?>
<testsuite xmlns:xsi="http://www.w3.org/2001/XMLSchema-instance" xsi:noNamespaceSchemaLocation="https://maven.apache.org/surefire/maven-surefire-plugin/xsd/surefire-test-report-3.0.xsd" version="3.0" name="IngredientTest" time="0.022" tests="6" errors="0" skipped="0" failures="0">
  <properties>
[...]
</properties>
  <testcase name="checkGetName[Ингридиент Bunny Chow с типом  SAUCE]" classname="IngredientTest" time="0.001"/>
  <testcase name="checkGetType[Ингридиент Bunny Chow с типом  SAUCE]" classname="IngredientTest" time="0.0"/>
  <testcase name="checkGetPrice[Ингридиент Bunny Chow с типом  SAUCE]" classname="IngredientTest" time="0.0"/>
  <testcase name="checkGetName[Ингридиент Philadelphia Maki с типом  FILLING]" classname="IngredientTest" time="0.0"/>
  <testcase name="checkGetType[Ингридиент Philadelphia Maki с типом  FILLING]" classname="IngredientTest" time="0.0"/>
  <testcase name="checkGetPrice[Ингридиент Philadelphia Maki с типом  FILLING]" classname="IngredientTest" time="0.001"/>
</testsuite>